<component name="libraryTable">
  <library name="junit4">
    <CLASSES>
      <root url="jar://$APPLICATION_HOME_DIR$/lib/junit4.jar!/" />
      <root url="jar://$PROJECT_DIR$/../../library-sp21/javalib/CS61B/algs4.jar/1.0/algs4.jar-1.0.jar!/" />
      <root url="jar://$PROJECT_DIR$/../../library-sp21/javalib/stdlib-package.jar!/" />
    </CLASSES>
    <JAVADOC />
    <SOURCES>
      <root url="jar://$PROJECT_DIR$/../../library-sp21/javalib/CS61B/algs4.jar/1.0/algs4.jar-1.0.jar!/" />
      <root url="jar://$PROJECT_DIR$/../../library-sp21/javalib/stdlib-package.jar!/" />
    </SOURCES>
  </library>
</component>