<component name="libraryTable">
  <library name="junit-4.12">
    <CLASSES>
      <root url="jar://$PROJECT_DIR$/../../library-sp21/javalib/junit-4.12.jar!/" />
      <root url="jar://$PROJECT_DIR$/../../library-sp21/javalib/jh61b.jar!/" />
      <root url="jar://$PROJECT_DIR$/../../library-sp21/javalib/stdlib-package.jar!/" />
      <root url="jar://$PROJECT_DIR$/../../library-sp21/javalib/hamcrest-core-1.3.jar!/" />
    </CLASSES>
    <JAVADOC />
    <SOURCES>
      <root url="jar://$PROJECT_DIR$/../../library-sp21/javalib/jh61b.jar!/" />
      <root url="jar://$PROJECT_DIR$/../../library-sp21/javalib/stdlib-package.jar!/" />
    </SOURCES>
  </library>
</component>